<?xml version="1.0" encoding="UTF-8"?>
<robot generator="Robot 7.3.2 (Python 3.13.2 on win32)" generated="2025-09-14T20:52:15.421908" rpa="false" schemaversion="5">
<suite id="s1" name="Form Test" source="c:\Users\alonz\OneDrive\Escritorio\node\robotframework\pruebaRF\my_project\tests\form_test\form_test.robot">
<kw name="Abrir el Navegador" owner="form_keywords" type="SETUP">
<kw name="Get Webdriver Path" owner="webdriversync">
<msg time="2025-09-14T20:52:15.913889" level="INFO">====== WebDriver manager ======</msg>
<msg time="2025-09-14T20:52:16.534504" level="INFO">Get LATEST chromedriver version for google-chrome</msg>
<msg time="2025-09-14T20:52:16.734717" level="INFO">Get LATEST chromedriver version for google-chrome</msg>
<msg time="2025-09-14T20:52:16.923512" level="INFO">Driver [C:\Users\alonz\.wdm\drivers\chromedriver\win64\140.0.7339.82\chromedriver-win32/chromedriver.exe] found in cache</msg>
<msg time="2025-09-14T20:52:16.923817" level="INFO">ChromeDriver path: C:\Users\alonz\.wdm\drivers\chromedriver\win64\140.0.7339.82\chromedriver-win32/chromedriver.exe</msg>
<msg time="2025-09-14T20:52:16.923950" level="INFO">${driver_path} = C:\Users\alonz\.wdm\drivers\chromedriver\win64\140.0.7339.82\chromedriver-win32/chromedriver.exe</msg>
<var>${driver_path}</var>
<status status="PASS" start="2025-09-14T20:52:15.913632" elapsed="1.010369"/>
</kw>
<kw name="Open Browser" owner="SeleniumLibrary">
<msg time="2025-09-14T20:52:16.924453" level="WARN">exexcutable_path is being deprecated. Please use service to configure the driver's executable_path as per documentation.</msg>
<msg time="2025-09-14T20:52:16.924892" level="INFO">Opening browser 'chrome' to base url 'https://demoqa.com/automation-practice-form'.</msg>
<arg>${URL}</arg>
<arg>${BROWSER}</arg>
<arg>executable_path=${driver_path}</arg>
<doc>Opens a new browser instance to the optional ``url``.</doc>
<status status="PASS" start="2025-09-14T20:52:16.924184" elapsed="5.246968"/>
</kw>
<kw name="Maximize Browser Window" owner="SeleniumLibrary">
<doc>Maximizes current browser window.</doc>
<status status="PASS" start="2025-09-14T20:52:22.171414" elapsed="0.018246"/>
</kw>
<status status="PASS" start="2025-09-14T20:52:15.913102" elapsed="6.276738"/>
</kw>
<test id="s1-t1" name="Completar y validar formulario" line="11">
<kw name="Log" owner="BuiltIn" type="SETUP">
<msg time="2025-09-14T20:52:22.190711" level="INFO">Iniciando el test de prueba</msg>
<arg>Iniciando el test de prueba</arg>
<doc>Logs the given message with the given level.</doc>
<status status="PASS" start="2025-09-14T20:52:22.190539" elapsed="0.000721"/>
</kw>
<kw name="Completar formulario" owner="form_keywords">
<kw name="Input Text" owner="SeleniumLibrary">
<msg time="2025-09-14T20:52:22.192158" level="INFO">Typing text 'John' into text field 'id:firstName'.</msg>
<arg>id:firstName</arg>
<arg>${FIRST_NAME}</arg>
<doc>Types the given ``text`` into the text field identified by ``locator``.</doc>
<status status="PASS" start="2025-09-14T20:52:22.191827" elapsed="0.061827"/>
</kw>
<kw name="Input Text" owner="SeleniumLibrary">
<msg time="2025-09-14T20:52:22.254498" level="INFO">Typing text 'Doe' into text field 'id:lastName'.</msg>
<arg>id:lastName</arg>
<arg>${LAST_NAME}</arg>
<doc>Types the given ``text`` into the text field identified by ``locator``.</doc>
<status status="PASS" start="2025-09-14T20:52:22.254039" elapsed="0.067036"/>
</kw>
<kw name="Input Text" owner="SeleniumLibrary">
<msg time="2025-09-14T20:52:22.321590" level="INFO">Typing text 'john.doe@example' into text field 'id:userEmail'.</msg>
<arg>id:userEmail</arg>
<arg>${EMAIL}</arg>
<doc>Types the given ``text`` into the text field identified by ``locator``.</doc>
<status status="PASS" start="2025-09-14T20:52:22.321317" elapsed="0.054551"/>
</kw>
<kw name="Click Element" owner="SeleniumLibrary">
<msg time="2025-09-14T20:52:22.376515" level="INFO">Clicking element 'xpath://label[contains(text(), Male)]'.</msg>
<msg time="2025-09-14T20:52:23.648531" level="INFO" html="true">&lt;/td&gt;&lt;/tr&gt;&lt;tr&gt;&lt;td colspan="3"&gt;&lt;a href="selenium-screenshot-11.png"&gt;&lt;img src="selenium-screenshot-11.png" width="800px"&gt;&lt;/a&gt;</msg>
<msg time="2025-09-14T20:52:23.648806" level="FAIL">ElementClickInterceptedException: Message: element click intercepted: Element &lt;label class="form-label" id="user...-label"&gt;Name&lt;/label&gt; is not clickable at point (521, 361). Other element would receive the click: &lt;form novalidate="" id="userForm" class=""&gt;...&lt;/form&gt;
  (Session info: chrome=140.0.7339.128); For documentation on this error, please visit: https://www.selenium.dev/documentation/webdriver/troubleshooting/errors#elementclickinterceptedexception
Stacktrace:
	GetHandleVerifier [0x0x33d2a3+66419]
	GetHandleVerifier [0x0x33d2e4+66484]
	(No symbol) [0x0x114bd3]
	(No symbol) [0x0x164e40]
	(No symbol) [0x0x1631a3]
	(No symbol) [0x0x160c57]
	(No symbol) [0x0x15fedd]
	(No symbol) [0x0x1543c5]
	(No symbol) [0x0x18101c]
	(No symbol) [0x0x153e24]
	(No symbol) [0x0x1811d4]
	(No symbol) [0x0x1a28a1]
	(No symbol) [0x0x180e16]
	(No symbol) [0x0x1525ce]
	(No symbol) [0x0x1534a4]
	GetHandleVerifier [0x0x585ee3+2461619]
	GetHandleVerifier [0x0x580f66+2441270]
	GetHandleVerifier [0x0x366242+234258]
	GetHandleVerifier [0x0x356208+168664]
	GetHandleVerifier [0x0x35d1ad+197245]
	GetHandleVerifier [0x0x3455f8+100040]
	GetHandleVerifier [0x0x345792+100450]
	GetHandleVerifier [0x0x32f74a+10266]
	BaseThreadInitThunk [0x0x7518fcc9+25]
	RtlGetAppContainerNamedObjectPath [0x0x771f82ae+286]
	RtlGetAppContainerNamedObjectPath [0x0x771f827e+238]
	(No symbol) [0x0]
</msg>
<arg>xpath://label[contains(text(), ${GENDER})]</arg>
<doc>Click the element identified by ``locator``.</doc>
<status status="FAIL" start="2025-09-14T20:52:22.376203" elapsed="1.275553">ElementClickInterceptedException: Message: element click intercepted: Element &lt;label class="form-label" id="user...-label"&gt;Name&lt;/label&gt; is not clickable at point (521, 361). Other element would receive the click: &lt;form novalidate="" id="userForm" class=""&gt;...&lt;/form&gt;
  (Session info: chrome=140.0.7339.128); For documentation on this error, please visit: https://www.selenium.dev/documentation/webdriver/troubleshooting/errors#elementclickinterceptedexception
Stacktrace:
	GetHandleVerifier [0x0x33d2a3+66419]
	GetHandleVerifier [0x0x33d2e4+66484]
	(No symbol) [0x0x114bd3]
	(No symbol) [0x0x164e40]
	(No symbol) [0x0x1631a3]
	(No symbol) [0x0x160c57]
	(No symbol) [0x0x15fedd]
	(No symbol) [0x0x1543c5]
	(No symbol) [0x0x18101c]
	(No symbol) [0x0x153e24]
	(No symbol) [0x0x1811d4]
	(No symbol) [0x0x1a28a1]
	(No symbol) [0x0x180e16]
	(No symbol) [0x0x1525ce]
	(No symbol) [0x0x1534a4]
	GetHandleVerifier [0x0x585ee3+2461619]
	GetHandleVerifier [0x0x580f66+2441270]
	GetHandleVerifier [0x0x366242+234258]
	GetHandleVerifier [0x0x356208+168664]
	GetHandleVerifier [0x0x35d1ad+197245]
	GetHandleVerifier [0x0x3455f8+100040]
	GetHandleVerifier [0x0x345792+100450]
	GetHandleVerifier [0x0x32f74a+10266]
	BaseThreadInitThunk [0x0x7518fcc9+25]
	RtlGetAppContainerNamedObjectPath [0x0x771f82ae+286]
	RtlGetAppContainerNamedObjectPath [0x0x771f827e+238]
	(No symbol) [0x0]
</status>
</kw>
<kw name="Input Text" owner="SeleniumLibrary">
<arg>id:userNumber</arg>
<arg>${PHONE}</arg>
<doc>Types the given ``text`` into the text field identified by ``locator``.</doc>
<status status="NOT RUN" start="2025-09-14T20:52:23.651948" elapsed="0.000071"/>
</kw>
<kw name="Wait Until Element Is Enabled" owner="SeleniumLibrary">
<arg>id:submit</arg>
<arg>10s</arg>
<doc>Waits until the element ``locator`` is enabled.</doc>
<status status="NOT RUN" start="2025-09-14T20:52:23.652099" elapsed="0.000051"/>
</kw>
<kw name="Click Element" owner="SeleniumLibrary">
<arg>id:submit</arg>
<doc>Click the element identified by ``locator``.</doc>
<status status="NOT RUN" start="2025-09-14T20:52:23.652249" elapsed="0.000043"/>
</kw>
<status status="FAIL" start="2025-09-14T20:52:22.191601" elapsed="1.460800">ElementClickInterceptedException: Message: element click intercepted: Element &lt;label class="form-label" id="user...-label"&gt;Name&lt;/label&gt; is not clickable at point (521, 361). Other element would receive the click: &lt;form novalidate="" id="userForm" class=""&gt;...&lt;/form&gt;
  (Session info: chrome=140.0.7339.128); For documentation on this error, please visit: https://www.selenium.dev/documentation/webdriver/troubleshooting/errors#elementclickinterceptedexception
Stacktrace:
	GetHandleVerifier [0x0x33d2a3+66419]
	GetHandleVerifier [0x0x33d2e4+66484]
	(No symbol) [0x0x114bd3]
	(No symbol) [0x0x164e40]
	(No symbol) [0x0x1631a3]
	(No symbol) [0x0x160c57]
	(No symbol) [0x0x15fedd]
	(No symbol) [0x0x1543c5]
	(No symbol) [0x0x18101c]
	(No symbol) [0x0x153e24]
	(No symbol) [0x0x1811d4]
	(No symbol) [0x0x1a28a1]
	(No symbol) [0x0x180e16]
	(No symbol) [0x0x1525ce]
	(No symbol) [0x0x1534a4]
	GetHandleVerifier [0x0x585ee3+2461619]
	GetHandleVerifier [0x0x580f66+2441270]
	GetHandleVerifier [0x0x366242+234258]
	GetHandleVerifier [0x0x356208+168664]
	GetHandleVerifier [0x0x35d1ad+197245]
	GetHandleVerifier [0x0x3455f8+100040]
	GetHandleVerifier [0x0x345792+100450]
	GetHandleVerifier [0x0x32f74a+10266]
	BaseThreadInitThunk [0x0x7518fcc9+25]
	RtlGetAppContainerNamedObjectPath [0x0x771f82ae+286]
	RtlGetAppContainerNamedObjectPath [0x0x771f827e+238]
	(No symbol) [0x0]
</status>
</kw>
<kw name="Validar formulario enviado" owner="form_keywords">
<status status="NOT RUN" start="2025-09-14T20:52:23.652810" elapsed="0.000063"/>
</kw>
<kw name="Log" owner="BuiltIn" type="TEARDOWN">
<msg time="2025-09-14T20:52:23.653324" level="INFO">Finalizando caso de prueba</msg>
<arg>Finalizando caso de prueba</arg>
<doc>Logs the given message with the given level.</doc>
<status status="PASS" start="2025-09-14T20:52:23.653190" elapsed="0.000211"/>
</kw>
<status status="FAIL" start="2025-09-14T20:52:22.189972" elapsed="1.463629">ElementClickInterceptedException: Message: element click intercepted: Element &lt;label class="form-label" id="user...-label"&gt;Name&lt;/label&gt; is not clickable at point (521, 361). Other element would receive the click: &lt;form novalidate="" id="userForm" class=""&gt;...&lt;/form&gt;
  (Session info: chrome=140.0.7339.128); For documentation on this error, please visit: https://www.selenium.dev/documentation/webdriver/troubleshooting/errors#elementclickinterceptedexception
Stacktrace:
	GetHandleVerifier [0x0x33d2a3+66419]
	GetHandleVerifier [0x0x33d2e4+66484]
	(No symbol) [0x0x114bd3]
	(No symbol) [0x0x164e40]
	(No symbol) [0x0x1631a3]
	(No symbol) [0x0x160c57]
	(No symbol) [0x0x15fedd]
	(No symbol) [0x0x1543c5]
	(No symbol) [0x0x18101c]
	(No symbol) [0x0x153e24]
	(No symbol) [0x0x1811d4]
	(No symbol) [0x0x1a28a1]
	(No symbol) [0x0x180e16]
	(No symbol) [0x0x1525ce]
	(No symbol) [0x0x1534a4]
	GetHandleVerifier [0x0x585ee3+2461619]
	GetHandleVerifier [0x0x580f66+2441270]
	GetHandleVerifier [0x0x366242+234258]
	GetHandleVerifier [0x0x356208+168664]
	GetHandleVerifier [0x0x35d1ad+197245]
	GetHandleVerifier [0x0x3455f8+100040]
	GetHandleVerifier [0x0x345792+100450]
	GetHandleVerifier [0x0x32f74a+10266]
	BaseThreadInitThunk [0x0x7518fcc9+25]
	RtlGetAppContainerNamedObjectPath [0x0x771f82ae+286]
	RtlGetAppContainerNamedObjectPath [0x0x771f827e+238]
	(No symbol) [0x0]
</status>
</test>
<kw name="Close All Browsers" owner="SeleniumLibrary" type="TEARDOWN">
<doc>Closes all open browsers and resets the browser cache.</doc>
<status status="PASS" start="2025-09-14T20:52:23.655680" elapsed="2.134621"/>
</kw>
<doc>Test suite for the form submission functionality</doc>
<status status="FAIL" start="2025-09-14T20:52:15.425907" elapsed="10.364538"/>
</suite>
<statistics>
<total>
<stat pass="0" fail="1" skip="0">All Tests</stat>
</total>
<tag>
</tag>
<suite>
<stat name="Form Test" id="s1" pass="0" fail="1" skip="0">Form Test</stat>
</suite>
</statistics>
<errors>
<msg time="2025-09-14T20:52:16.924453" level="WARN">exexcutable_path is being deprecated. Please use service to configure the driver's executable_path as per documentation.</msg>
</errors>
</robot>
