<?xml version="1.0" encoding="UTF-8"?>
<robot generator="Robot 7.3.2 (Python 3.13.6 on win32)" generated="2025-09-15T10:12:56.073893" rpa="false" schemaversion="5">
<suite id="s1" name="Get Request" source="C:\Users\Francisco Valenzuela\Documents\scripts german\personal\pruebaRF\my_project\tests\get_request\get_request.robot">
<test id="s1-t1" name="Obtener datos del usuario" line="11">
<kw name="Create Session" owner="RequestsLibrary">
<msg time="2025-09-15T10:12:56.206513" level="INFO">Creating Session using : alias=api_session, url=https://jsonplaceholder.typicode.com, headers={},                     cookies={}, auth=None, timeout=None, proxies=None, verify=False,                     debug=0 </msg>
<arg>api_session</arg>
<arg>${API_URL}</arg>
<doc>Create Session: create a HTTP session to a server</doc>
<status status="PASS" start="2025-09-15T10:12:56.206344" elapsed="0.000362"/>
</kw>
<kw name="GET On Session" owner="RequestsLibrary">
<msg time="2025-09-15T10:12:56.488404" level="INFO">GET Request : url=https://jsonplaceholder.typicode.com/users/1 
 path_url=/users/1 
 headers={'User-Agent': 'python-requests/2.32.5', 'Accept-Encoding': 'gzip, deflate', 'Accept': '*/*', 'Connection': 'keep-alive'} 
 body=None 
 </msg>
<msg time="2025-09-15T10:12:56.488975" level="INFO">GET Response : url=https://jsonplaceholder.typicode.com/users/1 
 status=200, reason=OK 
 headers={'Date': 'Mon, 15 Sep 2025 17:12:56 GMT', 'Content-Type': 'application/json; charset=utf-8', 'Transfer-Encoding': 'chunked', 'Connection': 'keep-alive', 'access-control-allow-credentials': 'true', 'Cache-Control': 'max-age=43200', 'etag': 'W/"1fd-+2Y3G3w049iSZtw5t1mzSnunngE"', 'expires': '-1', 'nel': '{"report_to":"heroku-nel","response_headers":["Via"],"max_age":3600,"success_fraction":0.01,"failure_fraction":0.1}', 'pragma': 'no-cache', 'report-to': '{"group":"heroku-nel","endpoints":[{"url":"https://nel.heroku.com/reports?s=06xoxd8TJfLpuAa2su9jgMSVI4JYHtXJ3DTyIgz%2B6wM%3D\\u0026sid=e11707d5-02a7-43ef-b45e-2cf4d2036f7d\\u0026ts=1757655276"}],"max_age":3600}', 'reporting-endpoints': 'heroku-nel="https://nel.heroku.com/reports?s=06xoxd8TJfLpuAa2su9jgMSVI4JYHtXJ3DTyIgz%2B6wM%3D&amp;sid=e11707d5-02a7-43ef-b45e-2cf4d2036f7d&amp;ts=1757655276"', 'Server': 'cloudflare', 'vary': 'Origin, Accept-Encoding', 'via': '2.0 heroku-router', 'x-content-type-options': 'nosniff', 'x-powered-by': 'Express', 'x-ratelimit-limit': '1000', 'x-ratelimit-remaining': '999', 'x-ratelimit-reset': '1757655305', 'Age': '7468', 'cf-cache-status': 'HIT', 'Content-Encoding': 'gzip', 'CF-RAY': '97f9c07a7e9efc63-MCI', 'alt-svc': 'h3=":443"; ma=86400'} 
 body={
  "id": 1,
  "name": "Leanne Graham",
  "username": "Bret",
  "email": "Sincere@april.biz",
  "address": {
    "street": "Kulas Light",
    "suite": "Apt. 556",
    "city": "Gwenborough",
    "zipcode": "92998-3874",
    "geo": {
      "lat": "-37.3159",
      "lng": "81.1496"
    }
  },
  "phone": "1-770-736-8031 x56442",
  "website": "hildegard.org",
  "company": {
    "name": "Romaguera-Crona",
    "catchPhrase": "Multi-layered client-server neural-net",
    "bs": "harness real-time e-markets"
  }
} 
 </msg>
<msg time="2025-09-15T10:12:56.489329" level="INFO">C:\Users\Francisco Valenzuela\AppData\Roaming\Python\Python313\site-packages\urllib3\connectionpool.py:1097: InsecureRequestWarning: Unverified HTTPS request is being made to host 'jsonplaceholder.typicode.com'. Adding certificate verification is strongly advised. See: https://urllib3.readthedocs.io/en/latest/advanced-usage.html#tls-warnings
  warnings.warn(</msg>
<msg time="2025-09-15T10:12:56.489996" level="INFO">${response} = &lt;Response [200]&gt;</msg>
<var>${response}</var>
<arg>api_session</arg>
<arg>${ENDPOINT}</arg>
<arg>expected_status=any</arg>
<doc>Sends a GET request on a previously created HTTP Session.</doc>
<status status="PASS" start="2025-09-15T10:12:56.206941" elapsed="0.283093"/>
</kw>
<kw name="Should Be Equal As Numbers" owner="BuiltIn">
<msg time="2025-09-15T10:12:56.490789" level="INFO">Argument types are:
&lt;class 'int'&gt;
&lt;class 'str'&gt;</msg>
<arg>${response.status_code}</arg>
<arg>200</arg>
<doc>Fails if objects are unequal after converting them to real numbers.</doc>
<status status="PASS" start="2025-09-15T10:12:56.490387" elapsed="0.000463"/>
</kw>
<kw name="Log" owner="BuiltIn">
<msg time="2025-09-15T10:12:56.491397" level="INFO">Respuesta: {
  "id": 1,
  "name": "Leanne Graham",
  "username": "Bret",
  "email": "Sincere@april.biz",
  "address": {
    "street": "Kulas Light",
    "suite": "Apt. 556",
    "city": "Gwenborough",
    "zipcode": "92998-3874",
    "geo": {
      "lat": "-37.3159",
      "lng": "81.1496"
    }
  },
  "phone": "1-770-736-8031 x56442",
  "website": "hildegard.org",
  "company": {
    "name": "Romaguera-Crona",
    "catchPhrase": "Multi-layered client-server neural-net",
    "bs": "harness real-time e-markets"
  }
}</msg>
<arg>Respuesta: ${response.text}</arg>
<doc>Logs the given message with the given level.</doc>
<status status="PASS" start="2025-09-15T10:12:56.491061" elapsed="0.000416"/>
</kw>
<status status="PASS" start="2025-09-15T10:12:56.205619" elapsed="0.286107"/>
</test>
<doc>Tests for GET requests using RequestLibrary</doc>
<status status="PASS" start="2025-09-15T10:12:56.075525" elapsed="0.417094"/>
</suite>
<statistics>
<total>
<stat pass="1" fail="0" skip="0">All Tests</stat>
</total>
<tag>
</tag>
<suite>
<stat name="Get Request" id="s1" pass="1" fail="0" skip="0">Get Request</stat>
</suite>
</statistics>
<errors>
</errors>
</robot>
