<?xml version="1.0" encoding="UTF-8"?>
<robot generator="Robot 7.3.2 (Python 3.13.2 on win32)" generated="2025-09-14T18:26:06.276219" rpa="false" schemaversion="5">
<suite id="s1" name="Setup Teardown" source="C:\Users\alonz\OneDrive\Escritorio\node\robotframework\pruebaRF\my_project\tests\setup_teardown\setup_teardown.robot">
<kw name="Configurar Navegador" type="SETUP">
<kw name="Get Webdriver Path" owner="webdriversync">
<msg time="2025-09-14T18:26:06.750826" level="INFO">====== WebDriver manager ======</msg>
<msg time="2025-09-14T18:26:07.359911" level="INFO">Get LATEST chromedriver version for google-chrome</msg>
<msg time="2025-09-14T18:26:07.547892" level="INFO">Get LATEST chromedriver version for google-chrome</msg>
<msg time="2025-09-14T18:26:07.739098" level="INFO">Driver [C:\Users\alonz\.wdm\drivers\chromedriver\win64\140.0.7339.82\chromedriver-win32/chromedriver.exe] found in cache</msg>
<msg time="2025-09-14T18:26:07.739304" level="INFO">ChromeDriver path: C:\Users\alonz\.wdm\drivers\chromedriver\win64\140.0.7339.82\chromedriver-win32/chromedriver.exe</msg>
<msg time="2025-09-14T18:26:07.739388" level="INFO">${driver_path} = C:\Users\alonz\.wdm\drivers\chromedriver\win64\140.0.7339.82\chromedriver-win32/chromedriver.exe</msg>
<var>${driver_path}</var>
<status status="PASS" start="2025-09-14T18:26:06.750678" elapsed="0.988728"/>
</kw>
<kw name="Open Browser" owner="SeleniumLibrary">
<msg time="2025-09-14T18:26:07.739769" level="WARN">exexcutable_path is being deprecated. Please use service to configure the driver's executable_path as per documentation.</msg>
<msg time="2025-09-14T18:26:07.739972" level="INFO">Opening browser 'chrome' to base url 'https://www.google.com'.</msg>
<arg>${URL}</arg>
<arg>${BROWSER}</arg>
<arg>executable_path=${driver_path}</arg>
<doc>Opens a new browser instance to the optional ``url``.</doc>
<status status="PASS" start="2025-09-14T18:26:07.739555" elapsed="1.728946"/>
</kw>
<status status="PASS" start="2025-09-14T18:26:06.750277" elapsed="2.718336"/>
</kw>
<test id="s1-t1" name="Verificar pagina de google" line="15">
<kw name="Log" owner="BuiltIn" type="SETUP">
<msg time="2025-09-14T18:26:09.469116" level="INFO">Iniciando caso de pruebas</msg>
<arg>Iniciando caso de pruebas</arg>
<doc>Logs the given message with the given level.</doc>
<status status="PASS" start="2025-09-14T18:26:09.469029" elapsed="0.000143"/>
</kw>
<kw name="Page Should Contain" owner="SeleniumLibrary">
<msg time="2025-09-14T18:26:09.478188" level="INFO">Current page contains text 'Google'.</msg>
<arg>Google</arg>
<doc>Verifies that current page contains ``text``.</doc>
<status status="PASS" start="2025-09-14T18:26:09.469325" elapsed="0.008938"/>
</kw>
<kw name="Log" owner="BuiltIn">
<msg time="2025-09-14T18:26:09.478579" level="INFO">Pagina de google cargada correctamente</msg>
<arg>Pagina de google cargada correctamente</arg>
<doc>Logs the given message with the given level.</doc>
<status status="PASS" start="2025-09-14T18:26:09.478490" elapsed="0.000112"/>
</kw>
<kw name="Log" owner="BuiltIn" type="TEARDOWN">
<msg time="2025-09-14T18:26:09.478819" level="INFO">Finalizando caso de pruebas</msg>
<arg>Finalizando caso de pruebas</arg>
<doc>Logs the given message with the given level.</doc>
<status status="PASS" start="2025-09-14T18:26:09.478766" elapsed="0.000077"/>
</kw>
<status status="PASS" start="2025-09-14T18:26:09.468675" elapsed="0.010245"/>
</test>
<kw name="Cerrar Navegador" type="TEARDOWN">
<kw name="Close All Browsers" owner="SeleniumLibrary">
<doc>Closes all open browsers and resets the browser cache.</doc>
<status status="PASS" start="2025-09-14T18:26:09.479630" elapsed="2.083230"/>
</kw>
<status status="PASS" start="2025-09-14T18:26:09.479503" elapsed="2.083458"/>
</kw>
<doc>Ejemplo de setup y teardown con Selenium</doc>
<status status="PASS" start="2025-09-14T18:26:06.277281" elapsed="5.285710"/>
</suite>
<statistics>
<total>
<stat pass="1" fail="0" skip="0">All Tests</stat>
</total>
<tag>
</tag>
<suite>
<stat name="Setup Teardown" id="s1" pass="1" fail="0" skip="0">Setup Teardown</stat>
</suite>
</statistics>
<errors>
<msg time="2025-09-14T18:26:07.739769" level="WARN">exexcutable_path is being deprecated. Please use service to configure the driver's executable_path as per documentation.</msg>
</errors>
</robot>
