<?xml version="1.0" encoding="UTF-8"?>
<robot generator="Robot 7.3.2 (Python 3.13.2 on win32)" generated="2025-09-16T17:04:49.797097" rpa="false" schemaversion="5">
<suite id="s1" name="Variables" source="C:\Users\alonz\OneDrive\Escritorio\node\robotframework\pruebaRF\my_project\tests\variables\variables.robot">
<test id="s1-t1" name="Mostrar variables" line="11">
<kw name="Log To Console" owner="BuiltIn">
<arg>URL de la API: ${API_URL}</arg>
<doc>Logs the given message to the console.</doc>
<status status="PASS" start="2025-09-16T17:04:49.819752" elapsed="0.000237"/>
</kw>
<kw name="Log To Console" owner="BuiltIn">
<arg>Endpoints: ${ENDPOINTS}</arg>
<doc>Logs the given message to the console.</doc>
<status status="PASS" start="2025-09-16T17:04:49.820171" elapsed="0.000188"/>
</kw>
<kw name="Log To Console" owner="BuiltIn">
<arg>Primer endopoint ${ENDPOINTS[0]}</arg>
<doc>Logs the given message to the console.</doc>
<status status="PASS" start="2025-09-16T17:04:49.820489" elapsed="0.000392"/>
</kw>
<kw name="Log To Console" owner="BuiltIn">
<arg>Credenciales: &amp;{CREDENTIALS}</arg>
<doc>Logs the given message to the console.</doc>
<status status="PASS" start="2025-09-16T17:04:49.821006" elapsed="0.000195"/>
</kw>
<kw name="Log To Console" owner="BuiltIn">
<arg>Nombre de usuario: ${CREDENTIALS.username}</arg>
<doc>Logs the given message to the console.</doc>
<status status="PASS" start="2025-09-16T17:04:49.821333" elapsed="0.000278"/>
</kw>
<status status="PASS" start="2025-09-16T17:04:49.819240" elapsed="0.002494"/>
</test>
<doc>Ejemplo de uso de variables escalares listas y diccionarios</doc>
<status status="PASS" start="2025-09-16T17:04:49.798200" elapsed="0.023995"/>
</suite>
<statistics>
<total>
<stat pass="1" fail="0" skip="0">All Tests</stat>
</total>
<tag>
</tag>
<suite>
<stat name="Variables" id="s1" pass="1" fail="0" skip="0">Variables</stat>
</suite>
</statistics>
<errors>
</errors>
</robot>
