<?xml version="1.0" encoding="UTF-8"?>
<robot generator="Robot 7.3.2 (Python 3.13.2 on win32)" generated="2025-09-14T17:30:11.831886" rpa="false" schemaversion="5">
<suite id="s1" name="Suma Prueba" source="C:\Users\alonz\OneDrive\Escritorio\node\robotframework\pruebaRF\my_project\tests\suma_prueba.robot">
<test id="s1-t1" name="Validar Suma simple" line="11">
<kw name="Evaluate" owner="BuiltIn">
<msg time="2025-09-14T17:30:11.852266" level="INFO">${resultado} = 8</msg>
<var>${resultado}</var>
<arg>${NUM1} + ${NUM2}</arg>
<doc>Evaluates the given expression in Python and returns the result.</doc>
<status status="PASS" start="2025-09-14T17:30:11.852100" elapsed="0.000187"/>
</kw>
<kw name="Should Be Equal As Numbers" owner="BuiltIn">
<msg time="2025-09-14T17:30:11.852514" level="INFO">Argument types are:
&lt;class 'int'&gt;
&lt;class 'str'&gt;</msg>
<arg>${resultado}</arg>
<arg>${RESULTADO_ESPERADO}</arg>
<doc>Fails if objects are unequal after converting them to real numbers.</doc>
<status status="PASS" start="2025-09-14T17:30:11.852423" elapsed="0.000127"/>
</kw>
<kw name="Log" owner="BuiltIn">
<msg time="2025-09-14T17:30:11.852747" level="INFO">La suma de 5 + 3 es 8</msg>
<arg>La suma de ${NUM1} + ${NUM2} es ${resultado}</arg>
<doc>Logs the given message with the given level.</doc>
<status status="PASS" start="2025-09-14T17:30:11.852660" elapsed="0.000108"/>
</kw>
<status status="PASS" start="2025-09-14T17:30:11.851648" elapsed="0.001233"/>
</test>
<doc>Prueba simple en Robot Framework</doc>
<status status="PASS" start="2025-09-14T17:30:11.833089" elapsed="0.020271"/>
</suite>
<statistics>
<total>
<stat pass="1" fail="0" skip="0">All Tests</stat>
</total>
<tag>
</tag>
<suite>
<stat name="Suma Prueba" id="s1" pass="1" fail="0" skip="0">Suma Prueba</stat>
</suite>
</statistics>
<errors>
</errors>
</robot>
